C51 COMPILER V9.57.0.0   MAIN                                                              05/09/2018 23:40:05 PAGE 1   


C51 COMPILER V9.57.0.0, COMPILATION OF MODULE MAIN
OBJECT MODULE PLACED IN .\Objects\main.obj
COMPILER INVOKED BY: C:\Keil_v5\C51\BIN\C51.EXE main.c OPTIMIZE(8,SPEED) BROWSE DEBUG OBJECTEXTEND PRINT(.\Listings\main
                    -.lst) TABS(2) OBJECT(.\Objects\main.obj)

line level    source

   1          #include<reg51.h>
   2          #include "lcd.h"
   3          sbit r1 = P2^0;
   4          sbit r2 = P2^1;
   5          sbit r3 = P2^2;
   6          sbit r4 = P2^3;
   7          
   8          sbit c1 = P3^0;
   9          sbit c2 = P3^1;
  10          sbit c3 = P3^2;
  11          sbit c4 = P3^3;
  12          sbit c5 = P3^4;
  13          sbit c6 = P3^5;
  14          sbit c7 = P3^6;
  15          sbit c8 = P3^7;
  16          
  17          sbit led_green = P2^6;
  18          sbit led_red = P2^7;
  19          
  20          void scan();
  21          void delay(unsigned char);
  22          unsigned char password[] = "CAT"; // change password here
  23          unsigned char user[32]; // max input length 16 characters
  24          int m = -1;
  25          unsigned char l = 0, password_length = 0, temp = 0, bool = 0;
  26          
  27          void main()
  28          {
  29   1        led_green  = led_red = 0x00;
  30   1        lcd_init();
  31   1        P2 = 0x00; // output declaration
  32   1        P3 = 0xff; // input declaration
  33   1        lcd_cmd(0x81);
  34   1        lcd_string("Enter Password");
  35   1        delay(100);
  36   1        while(password[l] != '\0')
  37   1        {
  38   2          password_length++;
  39   2          l++;
  40   2        }
  41   1        lcd_cmd(0x01);
  42   1        while(1)
  43   1        {
  44   2          scan();
  45   2        }
  46   1      }
  47          
  48          void scan()
  49          {
  50   1        // Row 1 //
  51   1        
  52   1        r1 = 0;
  53   1        r2 = r3 = r4 = 1;
  54   1        if(c1 == 0)
C51 COMPILER V9.57.0.0   MAIN                                                              05/09/2018 23:40:05 PAGE 2   

  55   1        {
  56   2          m++;
  57   2          delay(30);
  58   2          while(c1 == 0)
  59   2          {
  60   3            lcd_dat('A');
  61   3          }
  62   2          user[m] = 'A';
  63   2        }
  64   1        if(c2 == 0)
  65   1        {
  66   2          m++;
  67   2          delay(30);
  68   2          while(c2 == 0)
  69   2          {
  70   3            lcd_dat('B');
  71   3          }
  72   2          user[m] = 'B';
  73   2        }
  74   1        
  75   1        if(c3 == 0)
  76   1        {
  77   2          m++;
  78   2          delay(30);
  79   2          while(c3 == 0)
  80   2          {
  81   3            lcd_dat('C');
  82   3          }
  83   2          user[m] = 'C';
  84   2        }
  85   1        if(c4 == 0)
  86   1        {
  87   2          m++;
  88   2          delay(30);
  89   2          while(c4 == 0)
  90   2          {
  91   3            lcd_dat('D');
  92   3          }
  93   2          user[m] = 'D';
  94   2        }
  95   1        
  96   1        if(c5 == 0)
  97   1        {
  98   2          m++;
  99   2          delay(30);
 100   2          while(c5 == 0)
 101   2          {
 102   3            lcd_dat('E');
 103   3          }
 104   2          user[m] = 'E';
 105   2        }
 106   1        if(c6 == 0)
 107   1        {
 108   2          m++;
 109   2          delay(30);
 110   2          while(c6 == 0)
 111   2          {
 112   3            lcd_dat('F');
 113   3          }
 114   2          user[m] = 'F';
 115   2        }
 116   1        
C51 COMPILER V9.57.0.0   MAIN                                                              05/09/2018 23:40:05 PAGE 3   

 117   1        if(c7 == 0)
 118   1        {
 119   2          m++;
 120   2          delay(30);
 121   2          while(c7 == 0)
 122   2          {
 123   3            lcd_dat('G');
 124   3          }
 125   2          user[m] = 'G';
 126   2        }
 127   1        if(c8 == 0)
 128   1        {
 129   2          m++;
 130   2          delay(30);
 131   2          while(c8 == 0)
 132   2          {
 133   3            lcd_dat('H');
 134   3          }
 135   2          user[m] = 'H';
 136   2        }
 137   1        
 138   1        
 139   1        // Row 2 //
 140   1        
 141   1        r2 = 0;
 142   1        r1 = r3 = r4 = 1;
 143   1        if(c1 == 0)
 144   1        {
 145   2          m++;
 146   2          delay(30);
 147   2          while(c1 == 0)
 148   2          {
 149   3            lcd_dat('I');
 150   3          }
 151   2          user[m] = 'I';
 152   2        }
 153   1        if(c2 == 0)
 154   1        {
 155   2          m++;
 156   2          delay(30);
 157   2          while(c2 == 0)
 158   2          {
 159   3            lcd_dat('J');
 160   3          }
 161   2          user[m] = 'J';
 162   2        }
 163   1        
 164   1        if(c3 == 0)
 165   1        {
 166   2          m++;
 167   2          delay(30);
 168   2          while(c3 == 0)
 169   2          {
 170   3            lcd_dat('K');
 171   3          }
 172   2          user[m] = 'K';
 173   2        }
 174   1        if(c4 == 0)
 175   1        {
 176   2          m++;
 177   2          delay(30);
 178   2          while(c4 == 0)
C51 COMPILER V9.57.0.0   MAIN                                                              05/09/2018 23:40:05 PAGE 4   

 179   2          {
 180   3            lcd_dat('L');
 181   3          }
 182   2          user[m] = 'L';
 183   2        }
 184   1        
 185   1        if(c5 == 0)
 186   1        {
 187   2          m++;
 188   2          delay(30);
 189   2          while(c5 == 0)
 190   2          {
 191   3            lcd_dat('M');
 192   3          }
 193   2          user[m] = 'M';
 194   2        }
 195   1        if(c6 == 0)
 196   1        {
 197   2          m++;
 198   2          delay(30);
 199   2          while(c6 == 0)
 200   2          {
 201   3            lcd_dat('N');
 202   3          }
 203   2          user[m] = 'N';
 204   2        }
 205   1        
 206   1        if(c7 == 0)
 207   1        {
 208   2          m++;
 209   2          delay(30);
 210   2          while(c7 == 0)
 211   2          {
 212   3            lcd_dat('O');
 213   3          }
 214   2          user[m] = 'O';
 215   2        }
 216   1        if(c8 == 0)
 217   1        {
 218   2          m++;
 219   2          delay(30);
 220   2          while(c8 == 0)
 221   2          {
 222   3            lcd_dat('P');
 223   3          }
 224   2          user[m] = 'P';
 225   2        }
 226   1        
 227   1        // Row 3 //
 228   1        r3 = 0;
 229   1        r2 = r1 = r4 = 1;
 230   1        if(c1 == 0)
 231   1        {
 232   2          m++;
 233   2          delay(30);
 234   2          while(c1 == 0)
 235   2          {
 236   3            lcd_dat('Q');
 237   3          }
 238   2          user[m] = 'Q';
 239   2        }
 240   1        if(c2 == 0)
C51 COMPILER V9.57.0.0   MAIN                                                              05/09/2018 23:40:05 PAGE 5   

 241   1        {
 242   2          m++;
 243   2          delay(30);
 244   2          while(c2 == 0)
 245   2          {
 246   3            lcd_dat('R');
 247   3          }
 248   2          user[m] = 'R';
 249   2        }
 250   1        
 251   1        if(c3 == 0)
 252   1        {
 253   2          m++;
 254   2          delay(30);
 255   2          while(c3 == 0)
 256   2          {
 257   3            lcd_dat('S');
 258   3          }
 259   2          user[m] = 'S';
 260   2        }
 261   1        if(c4 == 0)
 262   1        {
 263   2          m++;
 264   2          delay(30);
 265   2          while(c4 == 0)
 266   2          {
 267   3            lcd_dat('T');
 268   3          }
 269   2          user[m] = 'T';
 270   2        }
 271   1        
 272   1        if(c5 == 0)
 273   1        {
 274   2          m++;
 275   2          delay(30);
 276   2          while(c5 == 0)
 277   2          {
 278   3            lcd_dat('U');
 279   3          }
 280   2          user[m] = 'U';
 281   2        }
 282   1        if(c6 == 0)
 283   1        {
 284   2          m++;
 285   2          delay(30);
 286   2          while(c6 == 0)
 287   2          {
 288   3            lcd_dat('V');
 289   3          }
 290   2          user[m] = 'V';
 291   2        }
 292   1        
 293   1        if(c7 == 0)
 294   1        {
 295   2          m++;
 296   2          delay(30);
 297   2          while(c7 == 0)
 298   2          {
 299   3            lcd_dat('W');
 300   3          }
 301   2          user[m] = 'W';
 302   2        }
C51 COMPILER V9.57.0.0   MAIN                                                              05/09/2018 23:40:05 PAGE 6   

 303   1        if(c8 == 0)
 304   1        {
 305   2          m++;
 306   2          delay(30);
 307   2          while(c8 == 0)
 308   2          {
 309   3            lcd_dat('X');
 310   3          }
 311   2          user[m] = 'X';
 312   2        }
 313   1        
 314   1        // Row 4
 315   1        
 316   1        r4 = 0;
 317   1        r2 = r3 = r1 = 1;
 318   1        if(c1 == 0)
 319   1        {
 320   2          m++;
 321   2          delay(30);
 322   2          while(c1 == 0)
 323   2          {
 324   3            lcd_dat('Y');
 325   3          }
 326   2          user[m] = 'Y';
 327   2        }
 328   1        if(c2 == 0)
 329   1        {
 330   2          m++;
 331   2          delay(30);
 332   2          while(c2 == 0)
 333   2          {
 334   3            lcd_dat('Z');
 335   3          }
 336   2          user[m] = 'Z';
 337   2        }
 338   1        
 339   1        
 340   1        // Space
 341   1        if(c3 == 0)
 342   1        {
 343   2          m++;
 344   2          delay(30);
 345   2          while(c3 == 0)
 346   2          {
 347   3            lcd_string(" ");
 348   3          }
 349   2          user[m] = ' ';
 350   2        }
 351   1        
 352   1        
 353   1        // toggle_line
 354   1        if(c4 == 0)
 355   1        {
 356   2          delay(30);
 357   2          while(c4 == 0)
 358   2          { 
 359   3            bool = ~bool;
 360   3            if(bool == 0)
 361   3            {
 362   4              lcd_cmd(0x80);
 363   4            }
 364   3            else
C51 COMPILER V9.57.0.0   MAIN                                                              05/09/2018 23:40:05 PAGE 7   

 365   3            {
 366   4              lcd_cmd(0xc0);
 367   4            }
 368   3          }
 369   2        }
 370   1        
 371   1        // Left
 372   1        if(c5 == 0)
 373   1        {
 374   2          delay(30);
 375   2          while(c5 == 0)
 376   2          {
 377   3             lcd_cmd(0x10);
 378   3          }
 379   2          m = m - 1;
 380   2        }
 381   1        
 382   1        // Right
 383   1        if(c6 == 0)
 384   1        {
 385   2          delay(30);
 386   2          while(c6 == 0)
 387   2          {
 388   3             lcd_cmd(0x14);
 389   3          }
 390   2          m = m + 1;
 391   2        }
 392   1        
 393   1        // clearScreen
 394   1        if(c7 == 0)
 395   1        {
 396   2          for(l = 0; l < 32; l++)
 397   2          {
 398   3            user[l] = '\0';
 399   3          }
 400   2          delay(30);
 401   2          while(c7 == 0)
 402   2          {
 403   3            lcd_cmd(0x01);
 404   3            m = -1;
 405   3            temp = 0;
 406   3            led_red = led_green = 0;
 407   3          }
 408   2        }
 409   1        
 410   1        // Submit
 411   1        if(c8 == 0)
 412   1        {
 413   2          delay(30);
 414   2          while(c8 == 0)
 415   2          {
 416   3            for(l = 0; l < password_length; l++)
 417   3            {
 418   4              if(user[l] == password[l])
 419   4              {
 420   5                temp++;
 421   5              }
 422   4            }
 423   3            if(temp == password_length)
 424   3            {
 425   4              led_green = 1;
 426   4              led_red = 0;
C51 COMPILER V9.57.0.0   MAIN                                                              05/09/2018 23:40:05 PAGE 8   

 427   4              lcd_cmd(0x01);
 428   4              lcd_cmd(0x81);
 429   4              lcd_string("ACCESS GRANTED");
 430   4            }
 431   3            else
 432   3            {
 433   4              led_red = 1;
 434   4              led_green = 0;
 435   4              lcd_cmd(0x01);
 436   4              lcd_cmd(0x81);
 437   4              lcd_string("ACCESS DENIED");
 438   4            }
 439   3          }
 440   2        }
 441   1        
 442   1      }
 443          void delay(unsigned char t)
 444          {
 445   1        unsigned int i, j;
 446   1        for(i = 0; i < t; i++)
 447   1        for(j = 0; j < 700; j++);
 448   1      }


MODULE INFORMATION:   STATIC OVERLAYABLE
   CODE SIZE        =   1366    ----
   CONSTANT SIZE    =     46    ----
   XDATA SIZE       =   ----    ----
   PDATA SIZE       =   ----    ----
   DATA SIZE        =     42       3
   IDATA SIZE       =   ----    ----
   BIT SIZE         =   ----    ----
END OF MODULE INFORMATION.


C51 COMPILATION COMPLETE.  0 WARNING(S),  0 ERROR(S)
